<?xml version="1.0" encoding="UTF-8"?>
<!-- Generated by org.testng.reporters.JUnitReportReporter -->
<testsuite hostname="TYSS-Shivakumar-H-R" failures="0" tests="2" name="practice.advcancereporting.SampleReportTest" time="0.012" errors="0" timestamp="2024-05-15T13:16:30 IST" skipped="0">
  <testcase classname="practice.advcancereporting.SampleReportTest" name="createContactWithPhoneNumberTest" time="0.002"/>
  <system-out/>
  <testcase classname="practice.advcancereporting.SampleReportTest" name="createContactTest" time="0.010"/>
  <system-out/>
</testsuite> <!-- practice.advcancereporting.SampleReportTest -->
