<?xml version="1.0" encoding="UTF-8"?>
<!-- Generated by org.testng.reporters.JUnitReportReporter -->
<testsuite hostname="TYSS-Shivakumar-H-R" failures="0" tests="1" name="practice.reporterclass.ReporterClassTestNg" time="0.021" errors="0" timestamp="2024-05-13T12:59:42 IST" skipped="0">
  <testcase classname="practice.reporterclass.ReporterClassTestNg" name="testScripts" time="0.021"/>
  <system-out>
    <![CDATA[test validation done]]>
  </system-out>
</testsuite> <!-- practice.reporterclass.ReporterClassTestNg -->
