<?xml version="1.0" encoding="UTF-8"?>
<!-- Generated by org.testng.reporters.JUnitReportReporter -->
<testsuite hostname="TYSS-Shivakumar-H-R" failures="0" tests="3" name="practice.testng.CreateContact_DP_Test" time="0.020" errors="0" timestamp="2024-05-09T15:01:03 IST" skipped="0">
  <testcase classname="practice.testng.CreateContact_DP_Test" name="createContactTest" time="0.004"/>
  <system-out/>
  <testcase classname="practice.testng.CreateContact_DP_Test" name="createContactTest" time="0.002"/>
  <system-out/>
  <testcase classname="practice.testng.CreateContact_DP_Test" name="createContactTest" time="0.014"/>
  <system-out/>
</testsuite> <!-- practice.testng.CreateContact_DP_Test -->
