<?xml version="1.0" encoding="UTF-8"?>
<!-- Generated by org.testng.reporters.JUnitReportReporter -->
<testsuite hostname="TYSS-Shivakumar-H-R" failures="0" tests="1" name="practice.testng.ScreenShot" time="10.822" errors="0" timestamp="2024-05-13T14:23:38 IST" skipped="0">
  <testcase classname="practice.testng.ScreenShot" name="takeScreenShot" time="10.822"/>
  <system-out/>
</testsuite> <!-- practice.testng.ScreenShot -->
