<?xml version="1.0" encoding="UTF-8"?>
<!-- Generated by org.testng.reporters.JUnitReportReporter -->
<testsuite hostname="TYSS-Shivakumar-H-R" failures="0" tests="1" name="practice.advcancereporting.ExtentsReportWithScreenshot" time="2.903" errors="0" timestamp="2024-05-15T15:04:20 IST" skipped="0">
  <testcase classname="practice.advcancereporting.ExtentsReportWithScreenshot" name="takeSCreenShot" time="2.903"/>
  <system-out/>
</testsuite> <!-- practice.advcancereporting.ExtentsReportWithScreenshot -->
