<?xml version="1.0" encoding="UTF-8"?>
<!-- Generated by org.testng.reporters.JUnitReportReporter -->
<testsuite hostname="TYSS-Shivakumar-H-R" failures="0" tests="1" name="practice.datadriventesting.SeleniumTestReadDataFromJSONFile" time="12.065" errors="0" timestamp="2024-05-03T09:58:11 IST" skipped="0">
  <testcase classname="practice.datadriventesting.SeleniumTestReadDataFromJSONFile" name="seleniumReadData" time="12.065"/>
  <system-out/>
</testsuite> <!-- practice.datadriventesting.SeleniumTestReadDataFromJSONFile -->
