<?xml version="1.0" encoding="UTF-8"?>
<!-- Generated by org.testng.reporters.JUnitReportReporter -->
<testsuite hostname="TYSS-Shivakumar-H-R" failures="0" tests="1" name="practice.advcancereporting.SampleAdvanceReporting_1" time="0.484" errors="0" timestamp="2024-05-15T14:38:08 IST" skipped="0">
  <testcase classname="practice.advcancereporting.SampleAdvanceReporting_1" name="testAdvanceReporting" time="0.484"/>
  <system-out/>
</testsuite> <!-- practice.advcancereporting.SampleAdvanceReporting_1 -->
