<?xml version="1.0" encoding="UTF-8"?>
<!-- Generated by org.testng.reporters.JUnitReportReporter -->
<testsuite hostname="TYSS-Shivakumar-H-R" failures="0" tests="1" name="practice.datadriventesting.CreateOrgTestUsingXML" time="11.653" errors="0" timestamp="2024-05-03T11:21:13 IST" skipped="0">
  <testcase classname="practice.datadriventesting.CreateOrgTestUsingXML" name="seleinumTest" time="11.653"/>
  <system-out/>
</testsuite> <!-- practice.datadriventesting.CreateOrgTestUsingXML -->
