<?xml version="1.0" encoding="UTF-8"?>
<!-- Generated by org.testng.reporters.JUnitReportReporter -->
<testsuite hostname="TYSS-Shivakumar-H-R" failures="0" tests="1" name="practice.datadriventesting.ReadDataFromXMLFile" time="0.008" errors="0" timestamp="2024-05-03T11:01:17 IST" skipped="0">
  <testcase classname="practice.datadriventesting.ReadDataFromXMLFile" name="sampleTest" time="0.008"/>
  <system-out/>
</testsuite> <!-- practice.datadriventesting.ReadDataFromXMLFile -->
