<?xml version="1.0" encoding="UTF-8"?>
<!-- Generated by org.testng.reporters.JUnitReportReporter -->
<testsuite hostname="TYSS-Shivakumar-H-R" failures="0" tests="3" name="practice.testng.CreateContact_DP_Test1" time="0.022" errors="0" timestamp="2024-05-09T15:06:24 IST" skipped="0">
  <testcase classname="practice.testng.CreateContact_DP_Test1" name="createContactTest" time="0.015"/>
  <system-out/>
  <testcase classname="practice.testng.CreateContact_DP_Test1" name="createContactTest" time="0.004"/>
  <system-out/>
  <testcase classname="practice.testng.CreateContact_DP_Test1" name="createContactTest" time="0.003"/>
  <system-out/>
</testsuite> <!-- practice.testng.CreateContact_DP_Test1 -->
