<?xml version="1.0" encoding="UTF-8"?>
<!-- Generated by org.testng.reporters.JUnitReportReporter -->
<testsuite hostname="TYSS-Shivakumar-H-R" failures="0" tests="1" name="practice.pom.repository.SampleTestWithPom" time="8.299" errors="0" timestamp="2024-05-08T10:29:08 IST" skipped="0">
  <testcase classname="practice.pom.repository.SampleTestWithPom" name="sample" time="8.299"/>
  <system-out/>
</testsuite> <!-- practice.pom.repository.SampleTestWithPom -->
