<?xml version="1.0" encoding="UTF-8"?>
<!-- Generated by org.testng.reporters.JUnitReportReporter -->
<testsuite hostname="TYSS-Shivakumar-H-R" failures="0" tests="2" name="practice.testng.TestScriptForBroforeMethodAnnotation" time="0.039" errors="0" timestamp="2024-05-10T09:53:50 IST" skipped="0">
  <testcase classname="practice.testng.TestScriptForBroforeMethodAnnotation" name="test" time="0.020"/>
  <system-out/>
  <testcase classname="practice.testng.TestScriptForBroforeMethodAnnotation" name="test1" time="0.019"/>
  <system-out/>
</testsuite> <!-- practice.testng.TestScriptForBroforeMethodAnnotation -->
