<?xml version="1.0" encoding="UTF-8"?>
<!-- Generated by org.testng.reporters.JUnitReportReporter -->
<testsuite hostname="TYSS-Shivakumar-H-R" failures="0" tests="2" name="com.crm.comcast.contacttest.CreateContactTest" time="0.007" errors="0" timestamp="2024-05-10T11:50:01 IST" skipped="0">
  <testcase classname="com.crm.comcast.contacttest.CreateContactTest" name="createContactWithDate" time="0.001"/>
  <system-out/>
  <testcase classname="com.crm.comcast.contacttest.CreateContactTest" name="createContact" time="0.006"/>
  <system-out/>
</testsuite> <!-- com.crm.comcast.contacttest.CreateContactTest -->
