<?xml version="1.0" encoding="UTF-8"?>
<!-- Generated by org.testng.reporters.JUnitReportReporter -->
<testsuite hostname="TYSS-Shivakumar-H-R" failures="0" tests="2" name="com.crm.comcast.orgtest.CreateOrganizationTest" time="0.006" errors="0" timestamp="2024-05-10T11:50:01 IST" skipped="0">
  <testcase classname="com.crm.comcast.orgtest.CreateOrganizationTest" name="createOrganization" time="0.003"/>
  <system-out/>
  <testcase classname="com.crm.comcast.orgtest.CreateOrganizationTest" name="createOrganizationWithIndustries" time="0.003"/>
  <system-out/>
</testsuite> <!-- com.crm.comcast.orgtest.CreateOrganizationTest -->
